Unknown configuration key throttle
vbam: could not connect to socket
vbam: No such file or directory
VBA-M (BBA) [SDL]
Searching for file vbam.cfg
Searching current directory: /home/hishamkodvavi/Documents/CS2110/hw09
Searching home directory: /home/hishamkodvavi/.vbam
Searching data directory: /usr/share/vbam
Searching system config directory: /etc
Reading configuration file.
Searching for file vba-over.ini
Searching current directory: /home/hishamkodvavi/Documents/CS2110/hw09
Searching home directory: /home/hishamkodvavi/.vbam
Searching data directory: /usr/share/vbam
Searching system config directory: /etc
vba-over.ini NOT FOUND (using emulator settings)
Trying patch FlappyBird.ips
Trying patch FlappyBird.ups
Trying patch FlappyBird.ppf
Trying to start LIRC: Failed
Color depth: 32
Shutting down
20:58:25 08.04.2018: Wrote battery
